Using device: cpu

Dataset statistics:
Number of nodes: 116383
Number of edges: 209247
Number of node features: 39
Number of classes: 3
Number of anomalies (label=1): 8448
Anomaly ratio: 0.0726

Edge index statistics:
Edge index shape: torch.Size([2, 209247])
Edge index max value: 116378
Edge index min value: 0
Number of unique nodes in edge_index: 67786

Running in test mode with subset of data...

Test subset statistics:
Number of nodes: 1000
Number of edges: 28
Number of node features: 39
Number of anomalies (label=1): 68
Anomaly ratio: 0.0680

Training configuration:
Mode: Test
Hidden dimension: 64
Number of layers: 2
Batch size: 128
Learning rate: 0.001
Test mode: reduced epochs to 10

Starting training...

Epoch 1/10
Loss: 1.5381, Mean Anomaly Score: 0.1045, Accuracy: 0.7640
Precision: 0.0720, Recall: 0.1324, F1: 0.0933
Number of detected anomalies: 136.0
Best F1: 0.0933 (Epoch 1)

Epoch 2/10
Loss: 1.0525, Mean Anomaly Score: 0.2835, Accuracy: 0.7600
Precision: 0.1224, Recall: 0.2647, F1: 0.1674
Number of detected anomalies: 157.0
Best F1: 0.1674 (Epoch 2)

Epoch 3/10
Loss: 0.8430, Mean Anomaly Score: 0.3431, Accuracy: 0.7530
Precision: 0.1067, Recall: 0.2353, F1: 0.1468
Number of detected anomalies: 155.0
Best F1: 0.1674 (Epoch 2)

Epoch 4/10
Loss: 0.7296, Mean Anomaly Score: 0.3966, Accuracy: 0.7420
Precision: 0.0728, Recall: 0.1618, F1: 0.1005
Number of detected anomalies: 159.0
Best F1: 0.1674 (Epoch 2)

Epoch 5/10
Loss: 0.6886, Mean Anomaly Score: 0.4352, Accuracy: 0.7290
Precision: 0.0203, Recall: 0.0441, F1: 0.0278
Number of detected anomalies: 160.0
Best F1: 0.1674 (Epoch 2)

Epoch 6/10
Loss: 0.6785, Mean Anomaly Score: 0.4505, Accuracy: 0.7390
Precision: 0.0658, Recall: 0.1471, F1: 0.0909
Number of detected anomalies: 162.0
Best F1: 0.1674 (Epoch 2)

Epoch 7/10
Loss: 0.6231, Mean Anomaly Score: 0.4197, Accuracy: 0.7280
Precision: 0.0387, Recall: 0.0882, F1: 0.0538
Number of detected anomalies: 163.0
Best F1: 0.1674 (Epoch 2)

Epoch 8/10
Loss: 0.6059, Mean Anomaly Score: 0.4521, Accuracy: 0.7340
Precision: 0.0523, Recall: 0.1176, F1: 0.0724
Number of detected anomalies: 160.0
Best F1: 0.1674 (Epoch 2)

Epoch 9/10
Loss: 0.5628, Mean Anomaly Score: 0.4459, Accuracy: 0.7120
Precision: 0.0296, Recall: 0.0735, F1: 0.0422
Number of detected anomalies: 172.0
Best F1: 0.1674 (Epoch 2)

Epoch 10/10
Loss: 0.5529, Mean Anomaly Score: 0.4800, Accuracy: 0.7220
Precision: 0.0485, Recall: 0.1176, F1: 0.0687
Number of detected anomalies: 170.0
Best F1: 0.1674 (Epoch 2)
